c:\users\student\documents\visual studio 2019\project\directx\2025\souls_000\debug\vc142.pdb
c:\users\student\documents\visual studio 2019\project\directx\2025\souls_000\debug\vc142.idb
c:\users\student\documents\visual studio 2019\project\directx\2025\souls_000\debug\scene_maneger.obj
c:\users\student\documents\visual studio 2019\project\directx\2025\souls_000\debug\scene_game_manager.obj
c:\users\student\documents\visual studio 2019\project\directx\2025\souls_000\debug\collision_manager.obj
c:\users\student\documents\visual studio 2019\project\directx\2025\souls_000\debug\collision_3d_surface.obj
c:\users\student\documents\visual studio 2019\project\directx\2025\souls_000\debug\collision_3d_suhere.obj
c:\users\student\documents\visual studio 2019\project\directx\2025\souls_000\debug\collision_3d_line.obj
c:\users\student\documents\visual studio 2019\project\directx\2025\souls_000\debug\collision_3d_capsule.obj
c:\users\student\documents\visual studio 2019\project\directx\2025\souls_000\debug\collision_3d_box.obj
c:\users\student\documents\visual studio 2019\project\directx\2025\souls_000\debug\collision_3d.obj
c:\users\student\documents\visual studio 2019\project\directx\2025\souls_000\debug\collision_2d.obj
c:\users\student\documents\visual studio 2019\project\directx\2025\souls_000\debug\collision.obj
c:\users\student\documents\visual studio 2019\project\directx\2025\souls_000\debug\sound.obj
c:\users\student\documents\visual studio 2019\project\directx\2025\souls_000\debug\manager.obj
c:\users\student\documents\visual studio 2019\project\directx\2025\souls_000\debug\main.obj
c:\users\student\documents\visual studio 2019\project\directx\2025\souls_000\debug\light.obj
c:\users\student\documents\visual studio 2019\project\directx\2025\souls_000\debug\input.obj
c:\users\student\documents\visual studio 2019\project\directx\2025\souls_000\debug\fog.obj
c:\users\student\documents\visual studio 2019\project\directx\2025\souls_000\debug\camera.obj
c:\users\student\documents\visual studio 2019\project\directx\2025\souls_000\debug\play.obj
c:\users\student\documents\visual studio 2019\project\directx\2025\souls_000\debug\renderer.obj
c:\users\student\documents\visual studio 2019\project\directx\2025\souls_000\debug\scene_title.obj
c:\users\student\documents\visual studio 2019\project\directx\2025\souls_000\debug\save_object.obj
c:\users\student\documents\visual studio 2019\project\directx\2025\souls_000\debug\billboard.obj
c:\users\student\documents\visual studio 2019\project\directx\2025\souls_000\debug\character.obj
c:\users\student\documents\visual studio 2019\project\directx\2025\souls_000\debug\motion.obj
c:\users\student\documents\visual studio 2019\project\directx\2025\souls_000\debug\object.obj
c:\users\student\documents\visual studio 2019\project\directx\2025\souls_000\debug\object_2d.obj
c:\users\student\documents\visual studio 2019\project\directx\2025\souls_000\debug\object_3d.obj
c:\users\student\documents\visual studio 2019\project\directx\2025\souls_000\debug\object_fade.obj
c:\users\student\documents\visual studio 2019\project\directx\2025\souls_000\debug\object_x.obj
c:\users\student\documents\visual studio 2019\project\directx\2025\souls_000\debug\text.obj
c:\users\student\documents\visual studio 2019\project\directx\2025\souls_000\debug\game_data.obj
c:\users\student\documents\visual studio 2019\project\directx\2025\souls_000\debug\scene_tutorial.obj
c:\users\student\documents\visual studio 2019\project\directx\2025\souls_000\debug\souls_000.exe
c:\users\student\documents\visual studio 2019\project\directx\2025\souls_000\debug\souls_000.ilk
c:\users\student\documents\visual studio 2019\project\directx\2025\souls_000\debug\souls_000.pdb
c:\users\student\documents\visual studio 2019\project\directx\2025\souls_000\debug\souls_000.tlog\cl.command.1.tlog
c:\users\student\documents\visual studio 2019\project\directx\2025\souls_000\debug\souls_000.tlog\cl.read.1.tlog
c:\users\student\documents\visual studio 2019\project\directx\2025\souls_000\debug\souls_000.tlog\cl.write.1.tlog
c:\users\student\documents\visual studio 2019\project\directx\2025\souls_000\debug\souls_000.tlog\link.command.1.tlog
c:\users\student\documents\visual studio 2019\project\directx\2025\souls_000\debug\souls_000.tlog\link.read.1.tlog
c:\users\student\documents\visual studio 2019\project\directx\2025\souls_000\debug\souls_000.tlog\link.write.1.tlog
